<?xml version="1.0" encoding="UTF-8"?>
<TestRun id="b519bdcf-a4ad-4a93-b656-663de24ea475" name="DAYANA@DAYANA-PC 2012-08-12 17:01:19" runUser="DAYANA-PC\DAYANA" xmlns="http://microsoft.com/schemas/VisualStudio/TeamTest/2010">
  <TestSettings name="Default Test Settings" id="1035effd-c09b-463c-b6a2-b79e2da46f31">
    <Deployment runDeploymentRoot="DAYANA_DAYANA-PC 2012-08-12 17_01_19">
      <DeploymentItem filename="C:\Users\DAYANA\Documents\GitHub\RMS\RMS\bin\RMS.dll" />
    </Deployment>
    <Execution>
      <TestTypeSpecific />
      <AgentRule name="Execution Agents">
      </AgentRule>
    </Execution>
  </TestSettings>
  <Times creation="2012-08-12T17:01:19.9150889-04:30" queuing="2012-08-12T17:01:36.2430228-04:30" start="2012-08-12T17:01:36.7020491-04:30" finish="2012-08-12T17:02:01.0024390-04:30" />
  <ResultSummary outcome="Error">
    <Counters total="2" executed="1" error="0" failed="0" timeout="0" aborted="1" inconclusive="0" passedButRunAborted="0" notRunnable="0" notExecuted="1" disconnected="0" warning="0" passed="0" completed="0" inProgress="0" pending="0" />
    <RunInfos>
      <RunInfo computerName="DAYANA-PC" outcome="Error" timestamp="2012-08-12T17:02:00.9954386-04:30">
        <Text>Test host process exited unexpectedly.</Text>
      </RunInfo>
    </RunInfos>
  </ResultSummary>
  <TestDefinitions>
    <UnitTest name="Index" storage="c:\users\dayana\documents\github\rms\rms.tests\bin\debug\rms.tests.dll" id="0f29bc89-5ccb-9da6-16dc-9aa63632babf">
      <Execution id="e38d52b9-3296-4814-9a91-c6f8bd7bce2a" />
      <TestMethod codeBase="C:/Users/DAYANA/Documents/GitHub/RMS/RMS.Tests/bin/Debug/RMS.Tests.DLL" adapterTypeName="Microsoft.VisualStudio.TestTools.TestTypes.Unit.UnitTestAdapter, Microsoft.VisualStudio.QualityTools.Tips.UnitTest.Adapter, Version=10.0.0.0, Culture=neutral, PublicKeyToken=b03f5f7f11d50a3a" className="RMS.Tests.Controllers.HomeControllerTest, RMS.Tests, Version=1.0.0.0, Culture=neutral, PublicKeyToken=null" name="Index" />
    </UnitTest>
    <UnitTest name="About" storage="c:\users\dayana\documents\github\rms\rms.tests\bin\debug\rms.tests.dll" id="5df2b80f-67b0-8dbf-5efd-188d75ef7be3">
      <Execution id="78399783-0561-47e0-b0ed-b34c6f4440ae" />
      <TestMethod codeBase="C:/Users/DAYANA/Documents/GitHub/RMS/RMS.Tests/bin/Debug/RMS.Tests.DLL" adapterTypeName="Microsoft.VisualStudio.TestTools.TestTypes.Unit.UnitTestAdapter, Microsoft.VisualStudio.QualityTools.Tips.UnitTest.Adapter, Version=10.0.0.0, Culture=neutral, PublicKeyToken=b03f5f7f11d50a3a" className="RMS.Tests.Controllers.HomeControllerTest, RMS.Tests, Version=1.0.0.0, Culture=neutral, PublicKeyToken=null" name="About" />
    </UnitTest>
  </TestDefinitions>
  <TestLists>
    <TestList name="Results Not in a List" id="8c84fa94-04c1-424b-9868-57a2d4851a1d" />
    <TestList name="All Loaded Results" id="19431567-8539-422a-85d7-44ee4e166bda" />
  </TestLists>
  <TestEntries>
    <TestEntry testId="0f29bc89-5ccb-9da6-16dc-9aa63632babf" executionId="e38d52b9-3296-4814-9a91-c6f8bd7bce2a" testListId="8c84fa94-04c1-424b-9868-57a2d4851a1d" />
    <TestEntry testId="5df2b80f-67b0-8dbf-5efd-188d75ef7be3" executionId="78399783-0561-47e0-b0ed-b34c6f4440ae" testListId="8c84fa94-04c1-424b-9868-57a2d4851a1d" />
  </TestEntries>
  <Results>
    <UnitTestResult executionId="e38d52b9-3296-4814-9a91-c6f8bd7bce2a" testId="0f29bc89-5ccb-9da6-16dc-9aa63632babf" testName="Index" computerName="DAYANA-PC" duration="00:00:23.7683595" startTime="2012-08-12T17:01:37.2310793-04:30" endTime="2012-08-12T17:02:00.9994388-04:30" testType="13cdc9d9-ddb5-4fa4-a97d-d965ccfc6d4b" outcome="Aborted" testListId="8c84fa94-04c1-424b-9868-57a2d4851a1d" relativeResultsDirectory="e38d52b9-3296-4814-9a91-c6f8bd7bce2a">
    </UnitTestResult>
    <UnitTestResult executionId="78399783-0561-47e0-b0ed-b34c6f4440ae" testId="5df2b80f-67b0-8dbf-5efd-188d75ef7be3" testName="About" computerName="DAYANA-PC" testType="13cdc9d9-ddb5-4fa4-a97d-d965ccfc6d4b" outcome="NotExecuted" testListId="8c84fa94-04c1-424b-9868-57a2d4851a1d" relativeResultsDirectory="78399783-0561-47e0-b0ed-b34c6f4440ae">
    </UnitTestResult>
  </Results>
</TestRun>