<?xml version="1.0" encoding="UTF-8"?>
<TestRun id="d2becf91-867b-43f4-9391-c259eeb34590" name="DAYANA@DAYANA-PC 2012-08-12 17:03:28" runUser="DAYANA-PC\DAYANA" xmlns="http://microsoft.com/schemas/VisualStudio/TeamTest/2010">
  <TestSettings name="Default Test Settings" id="0049fd2b-0fd0-4d84-acd0-e54324cee925">
    <Deployment runDeploymentRoot="DAYANA_DAYANA-PC 2012-08-12 17_03_28">
      <DeploymentItem filename="C:\Users\DAYANA\Documents\GitHub\RMS\RMS\bin\RMS.dll" />
    </Deployment>
    <Execution>
      <TestTypeSpecific />
      <AgentRule name="Execution Agents">
      </AgentRule>
    </Execution>
  </TestSettings>
  <Times creation="2012-08-12T17:03:28.7634586-04:30" queuing="2012-08-12T17:03:31.8676361-04:30" start="2012-08-12T17:03:32.1846543-04:30" finish="2012-08-12T17:03:41.2541730-04:30" />
  <ResultSummary outcome="Error">
    <Counters total="2" executed="1" error="0" failed="0" timeout="0" aborted="1" inconclusive="0" passedButRunAborted="0" notRunnable="0" notExecuted="1" disconnected="0" warning="0" passed="0" completed="0" inProgress="0" pending="0" />
    <RunInfos>
      <RunInfo computerName="DAYANA-PC" outcome="Error" timestamp="2012-08-12T17:03:41.2461726-04:30">
        <Text>Test host process exited unexpectedly.</Text>
      </RunInfo>
    </RunInfos>
  </ResultSummary>
  <TestDefinitions>
    <UnitTest name="Index" storage="c:\users\dayana\documents\github\rms\rms.tests\bin\debug\rms.tests.dll" id="0f29bc89-5ccb-9da6-16dc-9aa63632babf">
      <Execution id="393c682a-77ea-4520-b056-9793eed8a1e1" />
      <TestMethod codeBase="C:/Users/DAYANA/Documents/GitHub/RMS/RMS.Tests/bin/Debug/RMS.Tests.DLL" adapterTypeName="Microsoft.VisualStudio.TestTools.TestTypes.Unit.UnitTestAdapter, Microsoft.VisualStudio.QualityTools.Tips.UnitTest.Adapter, Version=10.0.0.0, Culture=neutral, PublicKeyToken=b03f5f7f11d50a3a" className="RMS.Tests.Controllers.HomeControllerTest, RMS.Tests, Version=1.0.0.0, Culture=neutral, PublicKeyToken=null" name="Index" />
    </UnitTest>
    <UnitTest name="About" storage="c:\users\dayana\documents\github\rms\rms.tests\bin\debug\rms.tests.dll" id="5df2b80f-67b0-8dbf-5efd-188d75ef7be3">
      <Execution id="c6e037b8-fb45-47af-8be2-98b77a3eabdc" />
      <TestMethod codeBase="C:/Users/DAYANA/Documents/GitHub/RMS/RMS.Tests/bin/Debug/RMS.Tests.DLL" adapterTypeName="Microsoft.VisualStudio.TestTools.TestTypes.Unit.UnitTestAdapter, Microsoft.VisualStudio.QualityTools.Tips.UnitTest.Adapter, Version=10.0.0.0, Culture=neutral, PublicKeyToken=b03f5f7f11d50a3a" className="RMS.Tests.Controllers.HomeControllerTest, RMS.Tests, Version=1.0.0.0, Culture=neutral, PublicKeyToken=null" name="About" />
    </UnitTest>
  </TestDefinitions>
  <TestLists>
    <TestList name="Results Not in a List" id="8c84fa94-04c1-424b-9868-57a2d4851a1d" />
    <TestList name="All Loaded Results" id="19431567-8539-422a-85d7-44ee4e166bda" />
  </TestLists>
  <TestEntries>
    <TestEntry testId="0f29bc89-5ccb-9da6-16dc-9aa63632babf" executionId="393c682a-77ea-4520-b056-9793eed8a1e1" testListId="8c84fa94-04c1-424b-9868-57a2d4851a1d" />
    <TestEntry testId="5df2b80f-67b0-8dbf-5efd-188d75ef7be3" executionId="c6e037b8-fb45-47af-8be2-98b77a3eabdc" testListId="8c84fa94-04c1-424b-9868-57a2d4851a1d" />
  </TestEntries>
  <Results>
    <UnitTestResult executionId="393c682a-77ea-4520-b056-9793eed8a1e1" testId="0f29bc89-5ccb-9da6-16dc-9aa63632babf" testName="Index" computerName="DAYANA-PC" duration="00:00:08.7715017" startTime="2012-08-12T17:03:32.4796712-04:30" endTime="2012-08-12T17:03:41.2511729-04:30" testType="13cdc9d9-ddb5-4fa4-a97d-d965ccfc6d4b" outcome="Aborted" testListId="8c84fa94-04c1-424b-9868-57a2d4851a1d" relativeResultsDirectory="393c682a-77ea-4520-b056-9793eed8a1e1">
    </UnitTestResult>
    <UnitTestResult executionId="c6e037b8-fb45-47af-8be2-98b77a3eabdc" testId="5df2b80f-67b0-8dbf-5efd-188d75ef7be3" testName="About" computerName="DAYANA-PC" testType="13cdc9d9-ddb5-4fa4-a97d-d965ccfc6d4b" outcome="NotExecuted" testListId="8c84fa94-04c1-424b-9868-57a2d4851a1d" relativeResultsDirectory="c6e037b8-fb45-47af-8be2-98b77a3eabdc">
    </UnitTestResult>
  </Results>
</TestRun>